Namespace(batch_size=32, dataset='modelnet40', dropout=0.5, epochs=250, eval=False, exp_name='pct_cls', lr=0.0001, model='pct', model_path='', momentum=0.9, no_cuda=False, num_points=1024, seed=1, test_batch_size=16, use_sgd=True)
Using GPU : 0 from 1 devices
Namespace(batch_size=32, dataset='modelnet40', dropout=0.5, epochs=250, eval=False, exp_name='pct_cls', lr=0.0001, model='pct', model_path='', momentum=0.9, no_cuda=False, num_points=1024, seed=1, test_batch_size=16, use_sgd=True)
Using GPU : 0 from 1 devices
Train 0, loss: 2.906230, train acc: 0.354743, train avg acc: 0.190326
Test 0, loss: 2.329977, test acc: 0.549838, test avg acc: 0.423076
Train 1, loss: 2.359512, train acc: 0.559446, train avg acc: 0.378626
Test 1, loss: 2.195554, test acc: 0.614263, test avg acc: 0.494285
Train 2, loss: 2.202037, train acc: 0.625713, train avg acc: 0.454882
Test 2, loss: 1.921978, test acc: 0.730956, test avg acc: 0.593657
Train 3, loss: 2.103903, train acc: 0.663884, train avg acc: 0.509768
Test 3, loss: 1.850845, test acc: 0.773096, test avg acc: 0.648163
Train 4, loss: 2.025846, train acc: 0.700122, train avg acc: 0.545628
Test 4, loss: 1.811728, test acc: 0.779173, test avg acc: 0.679029
Train 5, loss: 1.972253, train acc: 0.728522, train avg acc: 0.590873
Test 5, loss: 1.764255, test acc: 0.801053, test avg acc: 0.706529
Train 6, loss: 1.925675, train acc: 0.741958, train avg acc: 0.611514
Test 6, loss: 1.699594, test acc: 0.830227, test avg acc: 0.728558
Train 7, loss: 1.899860, train acc: 0.758245, train avg acc: 0.635646
Test 7, loss: 1.717024, test acc: 0.811994, test avg acc: 0.730785
Train 8, loss: 1.869475, train acc: 0.770765, train avg acc: 0.653743
Test 8, loss: 1.685248, test acc: 0.833063, test avg acc: 0.745337
Train 9, loss: 1.849802, train acc: 0.782268, train avg acc: 0.666269
Test 9, loss: 1.650985, test acc: 0.856564, test avg acc: 0.770942
Train 10, loss: 1.828522, train acc: 0.785932, train avg acc: 0.677762
Test 10, loss: 1.672784, test acc: 0.832658, test avg acc: 0.746843
Train 11, loss: 1.806254, train acc: 0.796621, train avg acc: 0.694890
Test 11, loss: 1.658975, test acc: 0.837925, test avg acc: 0.765174
Train 12, loss: 1.793131, train acc: 0.803339, train avg acc: 0.699519
Test 12, loss: 1.611410, test acc: 0.874797, test avg acc: 0.810145
Train 13, loss: 1.769848, train acc: 0.814434, train avg acc: 0.717122
Test 13, loss: 1.609874, test acc: 0.863452, test avg acc: 0.795459
Train 14, loss: 1.767698, train acc: 0.816673, train avg acc: 0.723452
Test 14, loss: 1.588573, test acc: 0.872771, test avg acc: 0.801773
Train 15, loss: 1.748096, train acc: 0.823290, train avg acc: 0.731750
Test 15, loss: 1.574068, test acc: 0.876013, test avg acc: 0.800430
Train 16, loss: 1.737399, train acc: 0.827362, train avg acc: 0.732965
Test 16, loss: 1.572595, test acc: 0.888169, test avg acc: 0.813890
Train 17, loss: 1.722982, train acc: 0.832960, train avg acc: 0.741326
Test 17, loss: 1.572115, test acc: 0.882496, test avg acc: 0.815262
Train 18, loss: 1.712024, train acc: 0.836116, train avg acc: 0.751704
Test 18, loss: 1.576967, test acc: 0.879660, test avg acc: 0.834366
Train 19, loss: 1.699653, train acc: 0.846091, train avg acc: 0.761773
Test 19, loss: 1.540624, test acc: 0.888979, test avg acc: 0.823058
Train 20, loss: 1.690161, train acc: 0.846498, train avg acc: 0.766867
Test 20, loss: 1.562054, test acc: 0.881280, test avg acc: 0.815517
Train 21, loss: 1.689683, train acc: 0.849756, train avg acc: 0.772504
Test 21, loss: 1.531548, test acc: 0.893841, test avg acc: 0.834843
Train 22, loss: 1.680978, train acc: 0.853929, train avg acc: 0.777774
Test 22, loss: 1.544464, test acc: 0.885332, test avg acc: 0.835721
Train 23, loss: 1.667684, train acc: 0.858713, train avg acc: 0.783908
Test 23, loss: 1.511010, test acc: 0.904781, test avg acc: 0.848221
Train 24, loss: 1.667131, train acc: 0.857695, train avg acc: 0.782932
Test 24, loss: 1.526435, test acc: 0.895057, test avg acc: 0.840541
Train 25, loss: 1.656851, train acc: 0.859019, train avg acc: 0.784213
Test 25, loss: 1.526502, test acc: 0.888574, test avg acc: 0.837669
Train 26, loss: 1.656228, train acc: 0.860851, train avg acc: 0.786476
Test 26, loss: 1.516046, test acc: 0.900729, test avg acc: 0.837547
Train 27, loss: 1.643568, train acc: 0.869300, train avg acc: 0.800367
Test 27, loss: 1.526330, test acc: 0.888979, test avg acc: 0.825971
Train 28, loss: 1.645543, train acc: 0.864923, train avg acc: 0.792250
Test 28, loss: 1.515619, test acc: 0.893841, test avg acc: 0.835506
Train 29, loss: 1.636034, train acc: 0.868994, train avg acc: 0.797038
Test 29, loss: 1.510655, test acc: 0.902755, test avg acc: 0.853459
Train 30, loss: 1.630320, train acc: 0.871234, train avg acc: 0.800728
Test 30, loss: 1.527175, test acc: 0.895462, test avg acc: 0.835337
Train 31, loss: 1.627099, train acc: 0.872557, train avg acc: 0.805121
Test 31, loss: 1.497167, test acc: 0.904376, test avg acc: 0.851709
Train 32, loss: 1.625299, train acc: 0.875814, train avg acc: 0.809235
Test 32, loss: 1.501954, test acc: 0.908023, test avg acc: 0.867552
Train 33, loss: 1.618714, train acc: 0.878156, train avg acc: 0.813706
Test 33, loss: 1.508936, test acc: 0.900324, test avg acc: 0.849971
Train 34, loss: 1.611433, train acc: 0.880802, train avg acc: 0.814114
Test 34, loss: 1.496632, test acc: 0.902755, test avg acc: 0.850512
Train 35, loss: 1.612234, train acc: 0.879784, train avg acc: 0.814998
Test 35, loss: 1.513980, test acc: 0.893436, test avg acc: 0.840430
Train 36, loss: 1.610432, train acc: 0.879988, train avg acc: 0.818908
Test 36, loss: 1.487990, test acc: 0.906402, test avg acc: 0.867378
Train 37, loss: 1.606723, train acc: 0.884263, train avg acc: 0.821149
Test 37, loss: 1.489568, test acc: 0.902755, test avg acc: 0.856419
Train 38, loss: 1.596789, train acc: 0.885383, train avg acc: 0.823772
Test 38, loss: 1.496644, test acc: 0.897893, test avg acc: 0.831547
Train 39, loss: 1.593579, train acc: 0.887215, train avg acc: 0.828978
Test 39, loss: 1.496295, test acc: 0.897083, test avg acc: 0.852890
Train 40, loss: 1.586617, train acc: 0.890879, train avg acc: 0.832953
Test 40, loss: 1.500161, test acc: 0.901540, test avg acc: 0.855506
Train 41, loss: 1.583252, train acc: 0.892814, train avg acc: 0.832927
Test 41, loss: 1.483522, test acc: 0.908428, test avg acc: 0.863215
Train 42, loss: 1.581239, train acc: 0.895053, train avg acc: 0.837721
Test 42, loss: 1.496413, test acc: 0.899514, test avg acc: 0.853715
Train 43, loss: 1.583785, train acc: 0.889963, train avg acc: 0.828951
Test 43, loss: 1.479945, test acc: 0.909238, test avg acc: 0.866209
Train 44, loss: 1.580428, train acc: 0.893628, train avg acc: 0.838154
Test 44, loss: 1.484604, test acc: 0.905997, test avg acc: 0.865494
Train 45, loss: 1.576775, train acc: 0.898208, train avg acc: 0.844751
Test 45, loss: 1.484459, test acc: 0.912885, test avg acc: 0.860703
Train 46, loss: 1.572013, train acc: 0.896783, train avg acc: 0.842056
Test 46, loss: 1.470328, test acc: 0.911264, test avg acc: 0.865006
Train 47, loss: 1.565748, train acc: 0.902789, train avg acc: 0.850704
Test 47, loss: 1.482709, test acc: 0.900324, test avg acc: 0.866122
Train 48, loss: 1.563042, train acc: 0.898717, train avg acc: 0.844657
Test 48, loss: 1.475331, test acc: 0.909643, test avg acc: 0.863581
Train 49, loss: 1.559201, train acc: 0.900753, train avg acc: 0.845517
Test 49, loss: 1.479792, test acc: 0.902350, test avg acc: 0.861797
Train 50, loss: 1.555944, train acc: 0.904112, train avg acc: 0.852232
Test 50, loss: 1.466333, test acc: 0.911669, test avg acc: 0.876628
Train 51, loss: 1.557974, train acc: 0.902891, train avg acc: 0.852838
Test 51, loss: 1.481037, test acc: 0.908428, test avg acc: 0.866680
Train 52, loss: 1.556777, train acc: 0.903298, train avg acc: 0.850406
Test 52, loss: 1.463778, test acc: 0.918152, test avg acc: 0.878337
Train 53, loss: 1.552148, train acc: 0.903094, train avg acc: 0.850428
Test 53, loss: 1.478663, test acc: 0.900729, test avg acc: 0.852680
Train 54, loss: 1.547153, train acc: 0.908693, train avg acc: 0.857193
Test 54, loss: 1.464778, test acc: 0.911669, test avg acc: 0.877087
Train 55, loss: 1.544815, train acc: 0.904520, train avg acc: 0.855453
Test 55, loss: 1.466992, test acc: 0.912075, test avg acc: 0.863913
Train 56, loss: 1.543824, train acc: 0.906250, train avg acc: 0.854509
Test 56, loss: 1.483747, test acc: 0.901135, test avg acc: 0.871890
Train 57, loss: 1.539252, train acc: 0.910729, train avg acc: 0.862813
Test 57, loss: 1.467895, test acc: 0.906402, test avg acc: 0.866552
Train 58, loss: 1.537067, train acc: 0.910627, train avg acc: 0.865776
Test 58, loss: 1.468959, test acc: 0.912480, test avg acc: 0.877227
Train 59, loss: 1.538228, train acc: 0.911747, train avg acc: 0.866425
Test 59, loss: 1.461751, test acc: 0.918152, test avg acc: 0.868872
Train 60, loss: 1.533897, train acc: 0.911849, train avg acc: 0.864167
Test 60, loss: 1.465583, test acc: 0.908023, test avg acc: 0.871750
Train 61, loss: 1.530858, train acc: 0.913783, train avg acc: 0.868692
Test 61, loss: 1.463904, test acc: 0.907212, test avg acc: 0.874413
Train 62, loss: 1.535489, train acc: 0.912052, train avg acc: 0.865121
Test 62, loss: 1.449014, test acc: 0.913290, test avg acc: 0.877419
Train 63, loss: 1.528712, train acc: 0.913070, train avg acc: 0.864475
Test 63, loss: 1.452070, test acc: 0.915721, test avg acc: 0.886552
Train 64, loss: 1.528627, train acc: 0.912052, train avg acc: 0.864631
Test 64, loss: 1.470498, test acc: 0.905186, test avg acc: 0.873297
Train 65, loss: 1.525029, train acc: 0.915513, train avg acc: 0.874706
Test 65, loss: 1.459192, test acc: 0.910454, test avg acc: 0.866390
Train 66, loss: 1.527354, train acc: 0.915615, train avg acc: 0.871672
Test 66, loss: 1.450446, test acc: 0.923420, test avg acc: 0.880209
Train 67, loss: 1.517920, train acc: 0.917956, train avg acc: 0.875150
Test 67, loss: 1.457958, test acc: 0.907212, test avg acc: 0.863541
Train 68, loss: 1.522060, train acc: 0.920704, train avg acc: 0.879610
Test 68, loss: 1.464019, test acc: 0.914911, test avg acc: 0.887709
Train 69, loss: 1.516160, train acc: 0.920501, train avg acc: 0.876778
Test 69, loss: 1.458453, test acc: 0.918963, test avg acc: 0.886052
Train 70, loss: 1.513350, train acc: 0.921315, train avg acc: 0.880397
Test 70, loss: 1.458326, test acc: 0.909238, test avg acc: 0.874924
Train 71, loss: 1.511330, train acc: 0.923046, train avg acc: 0.883241
Test 71, loss: 1.450836, test acc: 0.915721, test avg acc: 0.878750
Train 72, loss: 1.505732, train acc: 0.921722, train avg acc: 0.879465
Test 72, loss: 1.458672, test acc: 0.911264, test avg acc: 0.878116
Train 73, loss: 1.504669, train acc: 0.926507, train avg acc: 0.885072
Test 73, loss: 1.460688, test acc: 0.909643, test avg acc: 0.878122
Train 74, loss: 1.510030, train acc: 0.920908, train avg acc: 0.879604
Test 74, loss: 1.456778, test acc: 0.910859, test avg acc: 0.885959
Train 75, loss: 1.504091, train acc: 0.922333, train avg acc: 0.880513
Test 75, loss: 1.462002, test acc: 0.910454, test avg acc: 0.874703
Train 76, loss: 1.503850, train acc: 0.924674, train avg acc: 0.884227
Test 76, loss: 1.448288, test acc: 0.911264, test avg acc: 0.884297
Train 77, loss: 1.499451, train acc: 0.925692, train avg acc: 0.885953
Test 77, loss: 1.451105, test acc: 0.915721, test avg acc: 0.878663
Train 78, loss: 1.500358, train acc: 0.926812, train avg acc: 0.888209
Test 78, loss: 1.454378, test acc: 0.918963, test avg acc: 0.895831
Train 79, loss: 1.495944, train acc: 0.927830, train avg acc: 0.891564
Test 79, loss: 1.457304, test acc: 0.912075, test avg acc: 0.874785
Train 80, loss: 1.500032, train acc: 0.924674, train avg acc: 0.884648
Test 80, loss: 1.450875, test acc: 0.918152, test avg acc: 0.886913
Train 81, loss: 1.495575, train acc: 0.928033, train avg acc: 0.887560
Test 81, loss: 1.461148, test acc: 0.909238, test avg acc: 0.888209
Train 82, loss: 1.492445, train acc: 0.926812, train avg acc: 0.888084
Test 82, loss: 1.441516, test acc: 0.917747, test avg acc: 0.890866
Train 83, loss: 1.491252, train acc: 0.930171, train avg acc: 0.894375
Test 83, loss: 1.444143, test acc: 0.914911, test avg acc: 0.883087
Train 84, loss: 1.485798, train acc: 0.930171, train avg acc: 0.890762
Test 84, loss: 1.451583, test acc: 0.912885, test avg acc: 0.882831
Train 85, loss: 1.489141, train acc: 0.929560, train avg acc: 0.893812
Test 85, loss: 1.442618, test acc: 0.920989, test avg acc: 0.885244
Train 86, loss: 1.486931, train acc: 0.932512, train avg acc: 0.896016
Test 86, loss: 1.442790, test acc: 0.920178, test avg acc: 0.893535
Train 87, loss: 1.488778, train acc: 0.932003, train avg acc: 0.893013
Test 87, loss: 1.443839, test acc: 0.916937, test avg acc: 0.885913
Train 88, loss: 1.484469, train acc: 0.933530, train avg acc: 0.899765
Test 88, loss: 1.455026, test acc: 0.914911, test avg acc: 0.886959
Train 89, loss: 1.484030, train acc: 0.932207, train avg acc: 0.894688
Test 89, loss: 1.442117, test acc: 0.914506, test avg acc: 0.892041
Train 90, loss: 1.482582, train acc: 0.933327, train avg acc: 0.896743
Test 90, loss: 1.450427, test acc: 0.909643, test avg acc: 0.883035
Train 91, loss: 1.478924, train acc: 0.933632, train avg acc: 0.899832
Test 91, loss: 1.442453, test acc: 0.911264, test avg acc: 0.876302
Train 92, loss: 1.475179, train acc: 0.938314, train avg acc: 0.904513
Test 92, loss: 1.461253, test acc: 0.905592, test avg acc: 0.881512
Train 93, loss: 1.478082, train acc: 0.937093, train avg acc: 0.904546
Test 93, loss: 1.438412, test acc: 0.918963, test avg acc: 0.887128
Train 94, loss: 1.474039, train acc: 0.939536, train avg acc: 0.906226
Test 94, loss: 1.437533, test acc: 0.920989, test avg acc: 0.887076
Train 95, loss: 1.469290, train acc: 0.937704, train avg acc: 0.905196
Test 95, loss: 1.447057, test acc: 0.912480, test avg acc: 0.894622
Train 96, loss: 1.473953, train acc: 0.935362, train avg acc: 0.903553
Test 96, loss: 1.458638, test acc: 0.904376, test avg acc: 0.874215
Train 97, loss: 1.470912, train acc: 0.938925, train avg acc: 0.909392
Test 97, loss: 1.444938, test acc: 0.917342, test avg acc: 0.887622
Train 98, loss: 1.471234, train acc: 0.936482, train avg acc: 0.902978
Test 98, loss: 1.443312, test acc: 0.910454, test avg acc: 0.881506
Train 99, loss: 1.470866, train acc: 0.936279, train avg acc: 0.905083
Test 99, loss: 1.435514, test acc: 0.920583, test avg acc: 0.895041
Train 100, loss: 1.474315, train acc: 0.937704, train avg acc: 0.904977
Test 100, loss: 1.450084, test acc: 0.914100, test avg acc: 0.887744
Train 101, loss: 1.467752, train acc: 0.939943, train avg acc: 0.909480
Test 101, loss: 1.437397, test acc: 0.921394, test avg acc: 0.893366
Train 102, loss: 1.463561, train acc: 0.940554, train avg acc: 0.909962
Test 102, loss: 1.443843, test acc: 0.913695, test avg acc: 0.891785
Train 103, loss: 1.469602, train acc: 0.936686, train avg acc: 0.901937
Test 103, loss: 1.441738, test acc: 0.912075, test avg acc: 0.888494
Train 104, loss: 1.463850, train acc: 0.940350, train avg acc: 0.910658
Test 104, loss: 1.453125, test acc: 0.914506, test avg acc: 0.887285
Train 105, loss: 1.467064, train acc: 0.939434, train avg acc: 0.906370
Test 105, loss: 1.450918, test acc: 0.912885, test avg acc: 0.884709
Train 106, loss: 1.468379, train acc: 0.937296, train avg acc: 0.902723
Test 106, loss: 1.435968, test acc: 0.917342, test avg acc: 0.889128
Train 107, loss: 1.459460, train acc: 0.940147, train avg acc: 0.907357
Test 107, loss: 1.445038, test acc: 0.908833, test avg acc: 0.882000
Train 108, loss: 1.458257, train acc: 0.944320, train avg acc: 0.915912
Test 108, loss: 1.436782, test acc: 0.918963, test avg acc: 0.889663
Train 109, loss: 1.457704, train acc: 0.942691, train avg acc: 0.912629
Test 109, loss: 1.437082, test acc: 0.920989, test avg acc: 0.888244
Train 110, loss: 1.452535, train acc: 0.945236, train avg acc: 0.917516
Test 110, loss: 1.436658, test acc: 0.916532, test avg acc: 0.877459
Train 111, loss: 1.453056, train acc: 0.945949, train avg acc: 0.917923
Test 111, loss: 1.430802, test acc: 0.923015, test avg acc: 0.892744
Train 112, loss: 1.455777, train acc: 0.942182, train avg acc: 0.909409
Test 112, loss: 1.440128, test acc: 0.914100, test avg acc: 0.880291
Train 113, loss: 1.452691, train acc: 0.944931, train avg acc: 0.917989
Test 113, loss: 1.447813, test acc: 0.909238, test avg acc: 0.885791
Train 114, loss: 1.451815, train acc: 0.946356, train avg acc: 0.915754
Test 114, loss: 1.442137, test acc: 0.914911, test avg acc: 0.882541
Train 115, loss: 1.446880, train acc: 0.947781, train avg acc: 0.918340
Test 115, loss: 1.430433, test acc: 0.919773, test avg acc: 0.883209
Train 116, loss: 1.445545, train acc: 0.948188, train avg acc: 0.921635
Test 116, loss: 1.453442, test acc: 0.910859, test avg acc: 0.887744
Train 117, loss: 1.450238, train acc: 0.947170, train avg acc: 0.919154
Test 117, loss: 1.441502, test acc: 0.916126, test avg acc: 0.887756
Train 118, loss: 1.444119, train acc: 0.949715, train avg acc: 0.920914
Test 118, loss: 1.437125, test acc: 0.914506, test avg acc: 0.877965
Train 119, loss: 1.445205, train acc: 0.946559, train avg acc: 0.917846
Test 119, loss: 1.436514, test acc: 0.918558, test avg acc: 0.885576
Train 120, loss: 1.444592, train acc: 0.949410, train avg acc: 0.922823
Test 120, loss: 1.434632, test acc: 0.923420, test avg acc: 0.894081
Train 121, loss: 1.447481, train acc: 0.946458, train avg acc: 0.918619
Test 121, loss: 1.435944, test acc: 0.915316, test avg acc: 0.885837
Train 122, loss: 1.442042, train acc: 0.951038, train avg acc: 0.926164
Test 122, loss: 1.434705, test acc: 0.913695, test avg acc: 0.883453
Train 123, loss: 1.442790, train acc: 0.949715, train avg acc: 0.922905
Test 123, loss: 1.436887, test acc: 0.916937, test avg acc: 0.886959
Train 124, loss: 1.438537, train acc: 0.953990, train avg acc: 0.930080
Test 124, loss: 1.426703, test acc: 0.921394, test avg acc: 0.892663
Train 125, loss: 1.440565, train acc: 0.950326, train avg acc: 0.923349
Test 125, loss: 1.434076, test acc: 0.917342, test avg acc: 0.899134
Train 126, loss: 1.437765, train acc: 0.951751, train avg acc: 0.924637
Test 126, loss: 1.441061, test acc: 0.913290, test avg acc: 0.884471
Train 127, loss: 1.434258, train acc: 0.953583, train avg acc: 0.928707
Test 127, loss: 1.440074, test acc: 0.917342, test avg acc: 0.893378
Train 128, loss: 1.436691, train acc: 0.953888, train avg acc: 0.930402
Test 128, loss: 1.434060, test acc: 0.916532, test avg acc: 0.889128
Train 129, loss: 1.434011, train acc: 0.953787, train avg acc: 0.929570
Test 129, loss: 1.436454, test acc: 0.916532, test avg acc: 0.891878
Train 130, loss: 1.432064, train acc: 0.955415, train avg acc: 0.932960
Test 130, loss: 1.436356, test acc: 0.915721, test avg acc: 0.883250
Train 131, loss: 1.432730, train acc: 0.951547, train avg acc: 0.927784
Test 131, loss: 1.440021, test acc: 0.917747, test avg acc: 0.891541
Train 132, loss: 1.433283, train acc: 0.952260, train avg acc: 0.928608
Test 132, loss: 1.438895, test acc: 0.915721, test avg acc: 0.884919
Train 133, loss: 1.431443, train acc: 0.954703, train avg acc: 0.929839
Test 133, loss: 1.432424, test acc: 0.922609, test avg acc: 0.884709
Train 134, loss: 1.433104, train acc: 0.953685, train avg acc: 0.928796
Test 134, loss: 1.433311, test acc: 0.923015, test avg acc: 0.885622
Train 135, loss: 1.431604, train acc: 0.954805, train avg acc: 0.931978
Test 135, loss: 1.428894, test acc: 0.920178, test avg acc: 0.893378
Train 136, loss: 1.431150, train acc: 0.956535, train avg acc: 0.933568
Test 136, loss: 1.432264, test acc: 0.921394, test avg acc: 0.892087
Train 137, loss: 1.429374, train acc: 0.955517, train avg acc: 0.932640
Test 137, loss: 1.433433, test acc: 0.918963, test avg acc: 0.891506
Train 138, loss: 1.427592, train acc: 0.955517, train avg acc: 0.931315
Test 138, loss: 1.431510, test acc: 0.914506, test avg acc: 0.888512
Train 139, loss: 1.423016, train acc: 0.959792, train avg acc: 0.938574
Test 139, loss: 1.430602, test acc: 0.918152, test avg acc: 0.885209
Namespace(batch_size=32, dataset='modelnet40', dropout=0.5, epochs=250, eval=False, exp_name='pct_cls', lr=0.0001, model='pct', model_path='', momentum=0.9, no_cuda=False, num_points=1024, seed=1, test_batch_size=16, use_sgd=True)
Using GPU : 0 from 1 devices
Train 0, loss: 2.845008, train acc: 0.384772, train avg acc: 0.211060
Test 0, loss: 2.271260, test acc: 0.611426, test avg acc: 0.467750
Train 1, loss: 2.354289, train acc: 0.564129, train avg acc: 0.388139
Test 1, loss: 2.079153, test acc: 0.662885, test avg acc: 0.529651
Train 2, loss: 2.200714, train acc: 0.629988, train avg acc: 0.465050
Test 2, loss: 1.930737, test acc: 0.727310, test avg acc: 0.599395
Train 3, loss: 2.093031, train acc: 0.669890, train avg acc: 0.507504
Test 3, loss: 1.905716, test acc: 0.744327, test avg acc: 0.620233
Train 4, loss: 2.040805, train acc: 0.696050, train avg acc: 0.551732
Test 4, loss: 1.779632, test acc: 0.808752, test avg acc: 0.705250
Train 5, loss: 1.982599, train acc: 0.719157, train avg acc: 0.576319
Test 5, loss: 1.754839, test acc: 0.811183, test avg acc: 0.718273
Train 6, loss: 1.928404, train acc: 0.745928, train avg acc: 0.617176
Test 6, loss: 1.686251, test acc: 0.844003, test avg acc: 0.761773
Train 7, loss: 1.896662, train acc: 0.763131, train avg acc: 0.642524
Namespace(batch_size=32, dataset='modelnet40', dropout=0.5, epochs=250, eval=False, exp_name='pct_cls', lr=0.0001, model='pct', model_path='', momentum=0.9, no_cuda=False, num_points=1024, seed=1, test_batch_size=16, use_sgd=True)
Using GPU : 0 from 1 devices
Namespace(batch_size=32, dataset='modelnet40', dropout=0.5, epochs=250, eval=False, exp_name='pct_cls', lr=0.0001, model='pct', model_path='', momentum=0.9, no_cuda=False, num_points=1024, seed=1, test_batch_size=16, use_sgd=True)
Using GPU : 0 from 1 devices
Train 0, loss: 2.934278, train acc: 0.354540, train avg acc: 0.186768
Test 0, loss: 2.351758, test acc: 0.535251, test avg acc: 0.378913
Train 1, loss: 2.389752, train acc: 0.545195, train avg acc: 0.366194
Test 1, loss: 2.079218, test acc: 0.690438, test avg acc: 0.563180
Train 2, loss: 2.232234, train acc: 0.615737, train avg acc: 0.446159
Test 2, loss: 1.966033, test acc: 0.711102, test avg acc: 0.560773
Train 3, loss: 2.124450, train acc: 0.660831, train avg acc: 0.501184
Test 3, loss: 1.871771, test acc: 0.754052, test avg acc: 0.633558
Train 4, loss: 2.053494, train acc: 0.691877, train avg acc: 0.538205
Test 4, loss: 1.844100, test acc: 0.768233, test avg acc: 0.661070
Train 5, loss: 1.996599, train acc: 0.716307, train avg acc: 0.576863
Test 5, loss: 1.820428, test acc: 0.775932, test avg acc: 0.678203
Train 6, loss: 1.958792, train acc: 0.730660, train avg acc: 0.592752
Test 6, loss: 1.744278, test acc: 0.813209, test avg acc: 0.703140
Train 7, loss: 1.927630, train acc: 0.743689, train avg acc: 0.614798
Test 7, loss: 1.695128, test acc: 0.843193, test avg acc: 0.742494
Train 8, loss: 1.898418, train acc: 0.762826, train avg acc: 0.642212
Test 8, loss: 1.702953, test acc: 0.828201, test avg acc: 0.742419
Train 9, loss: 1.865266, train acc: 0.773208, train avg acc: 0.653146
Test 9, loss: 1.680216, test acc: 0.839141, test avg acc: 0.765099
Train 10, loss: 1.841256, train acc: 0.780334, train avg acc: 0.669786
Test 10, loss: 1.678945, test acc: 0.832658, test avg acc: 0.760401
Train 11, loss: 1.835517, train acc: 0.781352, train avg acc: 0.669697
Test 11, loss: 1.639560, test acc: 0.852917, test avg acc: 0.773773
Train 12, loss: 1.818158, train acc: 0.790717, train avg acc: 0.676845
Test 12, loss: 1.635836, test acc: 0.861426, test avg acc: 0.781233
Train 13, loss: 1.798438, train acc: 0.803644, train avg acc: 0.703438
Test 13, loss: 1.646096, test acc: 0.850486, test avg acc: 0.777488
Train 14, loss: 1.787698, train acc: 0.803950, train avg acc: 0.705279
Test 14, loss: 1.627350, test acc: 0.854538, test avg acc: 0.784890
Train 15, loss: 1.767324, train acc: 0.813314, train avg acc: 0.716858
Test 15, loss: 1.581426, test acc: 0.882901, test avg acc: 0.803965
Train 16, loss: 1.764866, train acc: 0.810566, train avg acc: 0.712433
Test 16, loss: 1.605483, test acc: 0.861021, test avg acc: 0.790965
Train 17, loss: 1.765062, train acc: 0.815350, train avg acc: 0.719499
Test 17, loss: 1.621331, test acc: 0.853728, test avg acc: 0.793797
Train 18, loss: 1.739396, train acc: 0.825529, train avg acc: 0.734377
Test 18, loss: 1.570844, test acc: 0.881686, test avg acc: 0.813477
Train 19, loss: 1.741444, train acc: 0.826649, train avg acc: 0.735084
Test 19, loss: 1.577086, test acc: 0.880470, test avg acc: 0.820721
Train 20, loss: 1.724352, train acc: 0.832553, train avg acc: 0.741537
Test 20, loss: 1.558195, test acc: 0.888979, test avg acc: 0.827477
Train 21, loss: 1.711182, train acc: 0.836421, train avg acc: 0.748869
Test 21, loss: 1.556932, test acc: 0.892626, test avg acc: 0.835512
Train 22, loss: 1.701703, train acc: 0.846193, train avg acc: 0.764750
Test 22, loss: 1.570606, test acc: 0.880065, test avg acc: 0.822459
Train 23, loss: 1.688897, train acc: 0.851283, train avg acc: 0.768503
Test 23, loss: 1.565914, test acc: 0.887763, test avg acc: 0.831948
Train 24, loss: 1.688290, train acc: 0.845379, train avg acc: 0.761039
Test 24, loss: 1.551463, test acc: 0.886143, test avg acc: 0.838552
Train 25, loss: 1.680154, train acc: 0.851995, train avg acc: 0.773407
Test 25, loss: 1.530323, test acc: 0.896272, test avg acc: 0.841831
Train 26, loss: 1.661087, train acc: 0.864312, train avg acc: 0.787996
Test 26, loss: 1.519244, test acc: 0.897893, test avg acc: 0.824052
Train 27, loss: 1.656105, train acc: 0.863498, train avg acc: 0.790953
Test 27, loss: 1.538809, test acc: 0.888169, test avg acc: 0.833634
Train 28, loss: 1.655612, train acc: 0.862378, train avg acc: 0.788894
Test 28, loss: 1.542123, test acc: 0.884117, test avg acc: 0.832442
Train 29, loss: 1.649805, train acc: 0.866042, train avg acc: 0.795650
Test 29, loss: 1.524289, test acc: 0.897083, test avg acc: 0.850488
Train 30, loss: 1.642760, train acc: 0.869809, train avg acc: 0.800367
Test 30, loss: 1.522826, test acc: 0.899109, test avg acc: 0.839837
Train 31, loss: 1.632715, train acc: 0.868791, train avg acc: 0.798826
Test 31, loss: 1.512646, test acc: 0.903160, test avg acc: 0.848965
Train 32, loss: 1.639653, train acc: 0.870521, train avg acc: 0.799366
Test 32, loss: 1.517192, test acc: 0.898703, test avg acc: 0.855878
Train 33, loss: 1.634593, train acc: 0.872761, train avg acc: 0.805884
Test 33, loss: 1.504495, test acc: 0.897893, test avg acc: 0.847099
Train 34, loss: 1.624343, train acc: 0.876323, train avg acc: 0.807735
Test 34, loss: 1.504183, test acc: 0.908833, test avg acc: 0.865709
Train 35, loss: 1.617145, train acc: 0.878664, train avg acc: 0.813415
Test 35, loss: 1.496972, test acc: 0.906402, test avg acc: 0.860250
Train 36, loss: 1.621975, train acc: 0.877341, train avg acc: 0.814528
Test 36, loss: 1.509665, test acc: 0.892626, test avg acc: 0.849180
Train 37, loss: 1.618184, train acc: 0.878054, train avg acc: 0.812640
Test 37, loss: 1.497774, test acc: 0.906807, test avg acc: 0.864849
Train 38, loss: 1.610048, train acc: 0.881107, train avg acc: 0.816474
Test 38, loss: 1.497165, test acc: 0.905186, test avg acc: 0.855843
Train 39, loss: 1.610501, train acc: 0.880599, train avg acc: 0.815965
Test 39, loss: 1.495201, test acc: 0.908833, test avg acc: 0.865180
Train 40, loss: 1.596058, train acc: 0.887215, train avg acc: 0.825572
Test 40, loss: 1.491034, test acc: 0.912075, test avg acc: 0.863837
Train 41, loss: 1.587528, train acc: 0.893017, train avg acc: 0.831116
Test 41, loss: 1.488166, test acc: 0.908428, test avg acc: 0.862256
Train 42, loss: 1.591133, train acc: 0.884772, train avg acc: 0.824789
Test 42, loss: 1.506066, test acc: 0.896272, test avg acc: 0.847564
Train 43, loss: 1.597417, train acc: 0.882736, train avg acc: 0.819275
Test 43, loss: 1.479632, test acc: 0.916126, test avg acc: 0.873878
Train 44, loss: 1.591549, train acc: 0.888131, train avg acc: 0.828655
Test 44, loss: 1.492954, test acc: 0.906402, test avg acc: 0.861291
Train 45, loss: 1.582351, train acc: 0.892915, train avg acc: 0.837252
Test 45, loss: 1.491728, test acc: 0.905186, test avg acc: 0.857262
Train 46, loss: 1.585620, train acc: 0.890981, train avg acc: 0.833529
Test 46, loss: 1.485314, test acc: 0.901135, test avg acc: 0.856180
Train 47, loss: 1.577766, train acc: 0.892101, train avg acc: 0.833847
Test 47, loss: 1.491699, test acc: 0.898298, test avg acc: 0.867169
Train 48, loss: 1.575565, train acc: 0.894137, train avg acc: 0.836917
Test 48, loss: 1.475192, test acc: 0.913695, test avg acc: 0.871407
Train 49, loss: 1.570012, train acc: 0.898107, train avg acc: 0.841767
Test 49, loss: 1.465145, test acc: 0.912885, test avg acc: 0.866750
Train 50, loss: 1.569196, train acc: 0.894849, train avg acc: 0.839245
Test 50, loss: 1.471528, test acc: 0.914100, test avg acc: 0.878419
Train 51, loss: 1.570990, train acc: 0.895257, train avg acc: 0.839732
Test 51, loss: 1.497342, test acc: 0.899109, test avg acc: 0.859628
Train 52, loss: 1.569877, train acc: 0.901059, train avg acc: 0.849563
Test 52, loss: 1.469726, test acc: 0.915316, test avg acc: 0.870872
Train 53, loss: 1.558979, train acc: 0.902891, train avg acc: 0.849863
Test 53, loss: 1.487546, test acc: 0.900729, test avg acc: 0.856169
Train 54, loss: 1.556094, train acc: 0.903400, train avg acc: 0.851286
Test 54, loss: 1.475637, test acc: 0.900729, test avg acc: 0.860302
Train 55, loss: 1.564430, train acc: 0.898819, train avg acc: 0.845480
Test 55, loss: 1.477868, test acc: 0.906807, test avg acc: 0.849500
Train 56, loss: 1.545675, train acc: 0.906759, train avg acc: 0.854237
Test 56, loss: 1.467871, test acc: 0.907618, test avg acc: 0.864512
Train 57, loss: 1.552374, train acc: 0.904214, train avg acc: 0.855300
Test 57, loss: 1.482530, test acc: 0.900729, test avg acc: 0.870297
Train 58, loss: 1.549560, train acc: 0.905945, train avg acc: 0.857813
Test 58, loss: 1.474046, test acc: 0.904781, test avg acc: 0.859297
Train 59, loss: 1.541727, train acc: 0.909304, train avg acc: 0.861263
Test 59, loss: 1.471532, test acc: 0.914100, test avg acc: 0.867087
Train 60, loss: 1.540048, train acc: 0.911645, train avg acc: 0.864745
Test 60, loss: 1.463568, test acc: 0.911669, test avg acc: 0.883041
Train 61, loss: 1.535011, train acc: 0.912154, train avg acc: 0.866752
Test 61, loss: 1.469644, test acc: 0.908428, test avg acc: 0.864291
Train 62, loss: 1.541203, train acc: 0.908591, train avg acc: 0.859194
Test 62, loss: 1.460502, test acc: 0.914506, test avg acc: 0.878203
Train 63, loss: 1.538457, train acc: 0.911849, train avg acc: 0.865414
Test 63, loss: 1.454563, test acc: 0.920583, test avg acc: 0.880953
Train 64, loss: 1.538706, train acc: 0.909914, train avg acc: 0.861872
Test 64, loss: 1.462958, test acc: 0.910859, test avg acc: 0.884285
Train 65, loss: 1.533763, train acc: 0.910322, train avg acc: 0.862195
Test 65, loss: 1.465380, test acc: 0.914506, test avg acc: 0.875709
Train 66, loss: 1.527884, train acc: 0.912765, train avg acc: 0.865738
Test 66, loss: 1.454073, test acc: 0.915721, test avg acc: 0.878244
Train 67, loss: 1.528643, train acc: 0.914800, train avg acc: 0.868486
Test 67, loss: 1.458681, test acc: 0.916937, test avg acc: 0.877000
Train 68, loss: 1.531883, train acc: 0.912154, train avg acc: 0.865010
Test 68, loss: 1.471689, test acc: 0.902350, test avg acc: 0.869302
Train 69, loss: 1.524815, train acc: 0.919178, train avg acc: 0.876439
Test 69, loss: 1.460342, test acc: 0.913290, test avg acc: 0.881128
Train 70, loss: 1.523883, train acc: 0.917243, train avg acc: 0.871314
Test 70, loss: 1.473069, test acc: 0.899514, test avg acc: 0.864221
Train 71, loss: 1.522512, train acc: 0.916226, train avg acc: 0.871507
Test 71, loss: 1.451484, test acc: 0.916532, test avg acc: 0.877041
Train 72, loss: 1.510150, train acc: 0.922944, train avg acc: 0.880383
Test 72, loss: 1.453589, test acc: 0.914911, test avg acc: 0.867622
Train 73, loss: 1.517469, train acc: 0.919381, train avg acc: 0.876845
Test 73, loss: 1.455572, test acc: 0.915316, test avg acc: 0.878076
Train 74, loss: 1.519565, train acc: 0.919483, train avg acc: 0.879698
Test 74, loss: 1.458025, test acc: 0.915721, test avg acc: 0.880959
Train 75, loss: 1.511158, train acc: 0.923046, train avg acc: 0.881125
Test 75, loss: 1.463788, test acc: 0.909238, test avg acc: 0.865424
Train 76, loss: 1.512610, train acc: 0.923758, train avg acc: 0.884463
Test 76, loss: 1.456643, test acc: 0.908428, test avg acc: 0.869169
Train 77, loss: 1.508596, train acc: 0.922740, train avg acc: 0.880970
Test 77, loss: 1.455998, test acc: 0.919368, test avg acc: 0.882448
Train 78, loss: 1.508142, train acc: 0.922129, train avg acc: 0.882512
Test 78, loss: 1.452719, test acc: 0.918152, test avg acc: 0.879116
Train 79, loss: 1.508693, train acc: 0.924064, train avg acc: 0.883075
Test 79, loss: 1.458925, test acc: 0.910454, test avg acc: 0.875500
Train 80, loss: 1.501850, train acc: 0.925183, train avg acc: 0.887767
Test 80, loss: 1.450200, test acc: 0.914911, test avg acc: 0.876244
Train 81, loss: 1.501692, train acc: 0.922944, train avg acc: 0.880044
Test 81, loss: 1.450730, test acc: 0.919773, test avg acc: 0.880244
Train 82, loss: 1.498855, train acc: 0.928644, train avg acc: 0.890180
Test 82, loss: 1.453014, test acc: 0.915721, test avg acc: 0.882785
Train 83, loss: 1.504028, train acc: 0.925183, train avg acc: 0.885560
Test 83, loss: 1.448323, test acc: 0.916532, test avg acc: 0.874500
Train 84, loss: 1.500084, train acc: 0.927423, train avg acc: 0.889227
Test 84, loss: 1.467570, test acc: 0.904376, test avg acc: 0.873674
Train 85, loss: 1.499014, train acc: 0.924674, train avg acc: 0.886545
Test 85, loss: 1.445818, test acc: 0.920583, test avg acc: 0.885994
Train 86, loss: 1.495199, train acc: 0.928339, train avg acc: 0.889817
Test 86, loss: 1.447298, test acc: 0.915316, test avg acc: 0.876616
Train 87, loss: 1.485783, train acc: 0.932003, train avg acc: 0.895884
Test 87, loss: 1.446377, test acc: 0.918152, test avg acc: 0.883826
Train 88, loss: 1.493571, train acc: 0.926608, train avg acc: 0.888793
Test 88, loss: 1.478162, test acc: 0.902350, test avg acc: 0.871628
Train 89, loss: 1.492382, train acc: 0.928237, train avg acc: 0.891940
Test 89, loss: 1.446703, test acc: 0.919368, test avg acc: 0.890326
Train 90, loss: 1.493121, train acc: 0.928033, train avg acc: 0.889832
Test 90, loss: 1.447304, test acc: 0.912480, test avg acc: 0.881948
Train 91, loss: 1.485938, train acc: 0.930782, train avg acc: 0.894711
Test 91, loss: 1.444551, test acc: 0.910049, test avg acc: 0.870802
Train 92, loss: 1.484647, train acc: 0.932919, train avg acc: 0.898059
Test 92, loss: 1.450095, test acc: 0.911669, test avg acc: 0.878843
Train 93, loss: 1.480212, train acc: 0.935159, train avg acc: 0.903727
Test 93, loss: 1.451513, test acc: 0.908428, test avg acc: 0.879169
Train 94, loss: 1.483063, train acc: 0.934243, train avg acc: 0.900397
Test 94, loss: 1.446132, test acc: 0.916937, test avg acc: 0.881622
Train 95, loss: 1.476877, train acc: 0.934141, train avg acc: 0.897243
Test 95, loss: 1.459189, test acc: 0.908428, test avg acc: 0.880959
Train 96, loss: 1.483717, train acc: 0.935362, train avg acc: 0.902829
Test 96, loss: 1.452970, test acc: 0.910859, test avg acc: 0.883413
Train 97, loss: 1.472895, train acc: 0.938314, train avg acc: 0.902662
Test 97, loss: 1.446018, test acc: 0.916937, test avg acc: 0.887587
Train 98, loss: 1.479310, train acc: 0.929560, train avg acc: 0.893231
Test 98, loss: 1.447177, test acc: 0.911264, test avg acc: 0.878843
Train 99, loss: 1.481848, train acc: 0.931698, train avg acc: 0.896429
Test 99, loss: 1.449657, test acc: 0.911264, test avg acc: 0.876750
Train 100, loss: 1.472324, train acc: 0.937500, train avg acc: 0.903426
Test 100, loss: 1.456828, test acc: 0.909238, test avg acc: 0.885413
Train 101, loss: 1.470270, train acc: 0.938314, train avg acc: 0.909896
Test 101, loss: 1.442411, test acc: 0.916126, test avg acc: 0.887535
Train 102, loss: 1.473076, train acc: 0.935973, train avg acc: 0.903087
Test 102, loss: 1.452382, test acc: 0.911264, test avg acc: 0.881297
Train 103, loss: 1.468567, train acc: 0.939027, train avg acc: 0.908041
Test 103, loss: 1.446304, test acc: 0.915721, test avg acc: 0.882326
Train 104, loss: 1.466273, train acc: 0.938925, train avg acc: 0.910027
Test 104, loss: 1.440982, test acc: 0.914911, test avg acc: 0.887831
Train 105, loss: 1.468714, train acc: 0.938213, train avg acc: 0.908410
Test 105, loss: 1.447673, test acc: 0.912075, test avg acc: 0.882500
Train 106, loss: 1.464310, train acc: 0.941877, train avg acc: 0.911023
Test 106, loss: 1.453753, test acc: 0.901945, test avg acc: 0.876715
Train 107, loss: 1.458120, train acc: 0.944625, train avg acc: 0.917830
Test 107, loss: 1.439676, test acc: 0.920178, test avg acc: 0.892500
Train 108, loss: 1.459250, train acc: 0.944116, train avg acc: 0.916331
Test 108, loss: 1.444417, test acc: 0.914100, test avg acc: 0.886831
Train 109, loss: 1.461932, train acc: 0.941979, train avg acc: 0.912444
Test 109, loss: 1.443097, test acc: 0.914506, test avg acc: 0.885453
Train 110, loss: 1.460259, train acc: 0.944015, train avg acc: 0.913886
Test 110, loss: 1.447213, test acc: 0.918963, test avg acc: 0.889081
Train 111, loss: 1.460939, train acc: 0.942284, train avg acc: 0.914118
Test 111, loss: 1.444040, test acc: 0.913290, test avg acc: 0.881459
Train 112, loss: 1.461821, train acc: 0.940961, train avg acc: 0.908054
Test 112, loss: 1.440879, test acc: 0.917342, test avg acc: 0.884122
Train 113, loss: 1.457822, train acc: 0.942793, train avg acc: 0.913652
Test 113, loss: 1.441392, test acc: 0.913290, test avg acc: 0.881250
Train 114, loss: 1.460522, train acc: 0.941572, train avg acc: 0.912180
Test 114, loss: 1.442642, test acc: 0.916126, test avg acc: 0.880244
Train 115, loss: 1.450003, train acc: 0.944116, train avg acc: 0.916073
Test 115, loss: 1.449031, test acc: 0.916126, test avg acc: 0.883006
Train 116, loss: 1.455882, train acc: 0.942895, train avg acc: 0.913537
Test 116, loss: 1.443930, test acc: 0.912885, test avg acc: 0.879535
Train 117, loss: 1.453296, train acc: 0.947374, train avg acc: 0.922554
Test 117, loss: 1.439677, test acc: 0.916126, test avg acc: 0.885047
Train 118, loss: 1.449742, train acc: 0.945542, train avg acc: 0.916768
Test 118, loss: 1.438788, test acc: 0.918963, test avg acc: 0.888250
Train 119, loss: 1.446984, train acc: 0.947781, train avg acc: 0.920534
Test 119, loss: 1.432976, test acc: 0.922204, test avg acc: 0.890244
Train 120, loss: 1.450960, train acc: 0.947781, train avg acc: 0.920971
Test 120, loss: 1.435865, test acc: 0.916532, test avg acc: 0.888250
Train 121, loss: 1.445534, train acc: 0.952056, train avg acc: 0.926796
Test 121, loss: 1.436069, test acc: 0.918152, test avg acc: 0.893494
Train 122, loss: 1.446907, train acc: 0.949715, train avg acc: 0.923282
Test 122, loss: 1.439237, test acc: 0.910859, test avg acc: 0.883372
Train 123, loss: 1.442923, train acc: 0.950326, train avg acc: 0.923737
Test 123, loss: 1.449549, test acc: 0.913695, test avg acc: 0.885157
Train 124, loss: 1.450622, train acc: 0.947781, train avg acc: 0.921004
Test 124, loss: 1.441126, test acc: 0.911264, test avg acc: 0.878628
Train 125, loss: 1.441793, train acc: 0.951547, train avg acc: 0.926165
Test 125, loss: 1.433224, test acc: 0.914506, test avg acc: 0.889372
Train 126, loss: 1.439815, train acc: 0.948799, train avg acc: 0.922512
Test 126, loss: 1.441687, test acc: 0.913290, test avg acc: 0.886703
Train 127, loss: 1.437373, train acc: 0.955212, train avg acc: 0.931707
Test 127, loss: 1.439747, test acc: 0.914911, test avg acc: 0.886459
Train 128, loss: 1.441184, train acc: 0.950631, train avg acc: 0.923124
Test 128, loss: 1.443817, test acc: 0.911264, test avg acc: 0.884087
Train 129, loss: 1.438798, train acc: 0.951547, train avg acc: 0.926511
Test 129, loss: 1.444661, test acc: 0.910859, test avg acc: 0.887000
Train 130, loss: 1.439605, train acc: 0.951344, train avg acc: 0.926934
Test 130, loss: 1.434099, test acc: 0.916126, test avg acc: 0.884453
Train 131, loss: 1.437065, train acc: 0.952260, train avg acc: 0.927262
Test 131, loss: 1.440017, test acc: 0.914911, test avg acc: 0.882081
Train 132, loss: 1.441634, train acc: 0.951038, train avg acc: 0.925957
Test 132, loss: 1.435950, test acc: 0.913695, test avg acc: 0.881424
Train 133, loss: 1.435365, train acc: 0.953990, train avg acc: 0.927443
Test 133, loss: 1.435356, test acc: 0.919368, test avg acc: 0.885331
Train 134, loss: 1.433232, train acc: 0.955314, train avg acc: 0.933179
Test 134, loss: 1.429398, test acc: 0.918152, test avg acc: 0.886541
Train 135, loss: 1.430462, train acc: 0.955517, train avg acc: 0.934579
Test 135, loss: 1.435581, test acc: 0.917342, test avg acc: 0.885041
Train 136, loss: 1.429789, train acc: 0.956739, train avg acc: 0.935374
Test 136, loss: 1.441871, test acc: 0.915316, test avg acc: 0.893872
Train 137, loss: 1.427028, train acc: 0.958265, train avg acc: 0.935551
Test 137, loss: 1.447270, test acc: 0.907212, test avg acc: 0.885384
Train 138, loss: 1.432922, train acc: 0.951445, train avg acc: 0.923432
Test 138, loss: 1.432113, test acc: 0.915721, test avg acc: 0.887041
Train 139, loss: 1.429707, train acc: 0.955415, train avg acc: 0.931337
Test 139, loss: 1.438669, test acc: 0.914506, test avg acc: 0.888413
Train 140, loss: 1.428379, train acc: 0.957146, train avg acc: 0.935019
Test 140, loss: 1.429145, test acc: 0.918558, test avg acc: 0.885459
Train 141, loss: 1.428650, train acc: 0.955822, train avg acc: 0.934061
Test 141, loss: 1.437692, test acc: 0.917342, test avg acc: 0.891709
Train 142, loss: 1.426804, train acc: 0.957349, train avg acc: 0.934879
Test 142, loss: 1.437009, test acc: 0.914100, test avg acc: 0.883244
Train 143, loss: 1.419812, train acc: 0.959691, train avg acc: 0.937909
Test 143, loss: 1.443325, test acc: 0.916937, test avg acc: 0.891994
Train 144, loss: 1.424027, train acc: 0.959385, train avg acc: 0.937117
Test 144, loss: 1.440148, test acc: 0.913695, test avg acc: 0.887669
Train 145, loss: 1.419311, train acc: 0.960200, train avg acc: 0.936596
Test 145, loss: 1.436143, test acc: 0.910859, test avg acc: 0.880000
Train 146, loss: 1.415741, train acc: 0.962134, train avg acc: 0.941806
Test 146, loss: 1.440258, test acc: 0.912480, test avg acc: 0.887959
Train 147, loss: 1.423972, train acc: 0.957044, train avg acc: 0.934116
Test 147, loss: 1.442277, test acc: 0.911669, test avg acc: 0.882331
Train 148, loss: 1.419066, train acc: 0.959080, train avg acc: 0.939922
Test 148, loss: 1.444652, test acc: 0.910454, test avg acc: 0.878953
Train 149, loss: 1.419434, train acc: 0.959283, train avg acc: 0.938601
Test 149, loss: 1.433881, test acc: 0.915316, test avg acc: 0.887669
Train 150, loss: 1.419716, train acc: 0.959182, train avg acc: 0.939965
Test 150, loss: 1.433190, test acc: 0.916532, test avg acc: 0.887337
Train 151, loss: 1.414514, train acc: 0.962948, train avg acc: 0.942929
Test 151, loss: 1.449569, test acc: 0.908833, test avg acc: 0.881180
Train 152, loss: 1.421277, train acc: 0.957044, train avg acc: 0.935059
Test 152, loss: 1.440920, test acc: 0.912075, test avg acc: 0.886872
Train 153, loss: 1.415502, train acc: 0.962337, train avg acc: 0.943171
Test 153, loss: 1.440693, test acc: 0.916126, test avg acc: 0.886494
Train 154, loss: 1.419043, train acc: 0.961625, train avg acc: 0.942404
Test 154, loss: 1.435991, test acc: 0.914506, test avg acc: 0.889169
Train 155, loss: 1.409496, train acc: 0.963050, train avg acc: 0.945968
Test 155, loss: 1.445061, test acc: 0.911264, test avg acc: 0.885250
Train 156, loss: 1.412418, train acc: 0.963253, train avg acc: 0.946147
Test 156, loss: 1.431723, test acc: 0.916937, test avg acc: 0.886913
Train 157, loss: 1.411994, train acc: 0.961116, train avg acc: 0.942585
Test 157, loss: 1.439575, test acc: 0.913290, test avg acc: 0.881744
Train 158, loss: 1.411589, train acc: 0.962541, train avg acc: 0.943725
Test 158, loss: 1.431621, test acc: 0.918558, test avg acc: 0.885500
Train 159, loss: 1.410782, train acc: 0.963151, train avg acc: 0.941926
Test 159, loss: 1.433268, test acc: 0.918558, test avg acc: 0.893831
Train 160, loss: 1.414154, train acc: 0.962032, train avg acc: 0.942579
Test 160, loss: 1.435627, test acc: 0.917342, test avg acc: 0.889831
Train 161, loss: 1.406348, train acc: 0.964780, train avg acc: 0.946452
Test 161, loss: 1.445008, test acc: 0.909643, test avg acc: 0.886919
Train 162, loss: 1.408208, train acc: 0.963457, train avg acc: 0.947287
Test 162, loss: 1.434771, test acc: 0.914100, test avg acc: 0.883959
Train 163, loss: 1.409272, train acc: 0.964169, train avg acc: 0.946513
Test 163, loss: 1.437865, test acc: 0.914911, test avg acc: 0.889756
Train 164, loss: 1.410305, train acc: 0.964169, train avg acc: 0.946021
Test 164, loss: 1.430515, test acc: 0.915721, test avg acc: 0.886709
Train 165, loss: 1.408422, train acc: 0.963050, train avg acc: 0.944951
Test 165, loss: 1.439786, test acc: 0.911669, test avg acc: 0.885541
Train 166, loss: 1.404858, train acc: 0.966816, train avg acc: 0.947645
Test 166, loss: 1.434205, test acc: 0.915721, test avg acc: 0.884831
Train 167, loss: 1.405105, train acc: 0.968139, train avg acc: 0.950265
Test 167, loss: 1.436917, test acc: 0.910049, test avg acc: 0.880256
Train 168, loss: 1.403106, train acc: 0.968445, train avg acc: 0.951799
Test 168, loss: 1.445518, test acc: 0.908428, test avg acc: 0.885843
Train 169, loss: 1.399547, train acc: 0.967834, train avg acc: 0.950733
Test 169, loss: 1.438860, test acc: 0.915721, test avg acc: 0.891041
Train 170, loss: 1.404223, train acc: 0.966002, train avg acc: 0.949212
Test 170, loss: 1.433631, test acc: 0.916126, test avg acc: 0.887163
Train 171, loss: 1.401166, train acc: 0.967121, train avg acc: 0.951250
Test 171, loss: 1.434770, test acc: 0.914911, test avg acc: 0.886372
Train 172, loss: 1.399893, train acc: 0.967121, train avg acc: 0.950500
Test 172, loss: 1.431448, test acc: 0.916126, test avg acc: 0.886041
Train 173, loss: 1.400426, train acc: 0.968343, train avg acc: 0.951069
Test 173, loss: 1.433235, test acc: 0.914506, test avg acc: 0.886331
Train 174, loss: 1.401195, train acc: 0.966612, train avg acc: 0.950754
Test 174, loss: 1.438380, test acc: 0.912480, test avg acc: 0.885715
Train 175, loss: 1.401011, train acc: 0.967732, train avg acc: 0.950627
Test 175, loss: 1.431593, test acc: 0.916126, test avg acc: 0.887203
Train 176, loss: 1.399326, train acc: 0.967732, train avg acc: 0.951774
Test 176, loss: 1.434026, test acc: 0.914911, test avg acc: 0.887337
Train 177, loss: 1.401316, train acc: 0.968648, train avg acc: 0.953185
Test 177, loss: 1.436746, test acc: 0.911669, test avg acc: 0.882000
Train 178, loss: 1.396613, train acc: 0.968037, train avg acc: 0.953130
Test 178, loss: 1.438781, test acc: 0.914911, test avg acc: 0.893663
Train 179, loss: 1.393249, train acc: 0.972414, train avg acc: 0.959917
Test 179, loss: 1.430264, test acc: 0.918152, test avg acc: 0.892622
Train 180, loss: 1.393355, train acc: 0.972313, train avg acc: 0.957389
Test 180, loss: 1.431383, test acc: 0.915721, test avg acc: 0.894081
Train 181, loss: 1.395861, train acc: 0.967630, train avg acc: 0.952162
Test 181, loss: 1.427514, test acc: 0.921394, test avg acc: 0.895250
Train 182, loss: 1.397216, train acc: 0.968445, train avg acc: 0.950188
Test 182, loss: 1.432864, test acc: 0.916532, test avg acc: 0.889622
Train 183, loss: 1.394353, train acc: 0.968648, train avg acc: 0.952670
Test 183, loss: 1.433070, test acc: 0.920989, test avg acc: 0.894453
Train 184, loss: 1.394065, train acc: 0.970888, train avg acc: 0.956280
Test 184, loss: 1.433329, test acc: 0.917342, test avg acc: 0.890122
Train 185, loss: 1.390228, train acc: 0.971702, train avg acc: 0.955294
Test 185, loss: 1.442480, test acc: 0.916126, test avg acc: 0.898209
Train 186, loss: 1.387724, train acc: 0.973840, train avg acc: 0.960347
Test 186, loss: 1.430176, test acc: 0.921394, test avg acc: 0.895541
Train 187, loss: 1.393093, train acc: 0.970480, train avg acc: 0.957230
Test 187, loss: 1.437402, test acc: 0.917747, test avg acc: 0.892291
Train 188, loss: 1.393013, train acc: 0.973331, train avg acc: 0.958234
Test 188, loss: 1.431577, test acc: 0.916126, test avg acc: 0.886081
Train 189, loss: 1.389230, train acc: 0.972313, train avg acc: 0.958257
Test 189, loss: 1.431361, test acc: 0.918963, test avg acc: 0.890244
Train 190, loss: 1.388627, train acc: 0.972313, train avg acc: 0.958474
Test 190, loss: 1.431141, test acc: 0.918558, test avg acc: 0.891791
Train 191, loss: 1.393082, train acc: 0.970684, train avg acc: 0.956767
Test 191, loss: 1.428865, test acc: 0.919773, test avg acc: 0.889541
Train 192, loss: 1.387844, train acc: 0.971906, train avg acc: 0.957613
Test 192, loss: 1.438219, test acc: 0.916126, test avg acc: 0.891331
Train 193, loss: 1.387249, train acc: 0.975774, train avg acc: 0.963995
Test 193, loss: 1.434432, test acc: 0.919368, test avg acc: 0.888291
Train 194, loss: 1.386436, train acc: 0.974043, train avg acc: 0.960091
Test 194, loss: 1.440094, test acc: 0.914911, test avg acc: 0.888337
Train 195, loss: 1.387257, train acc: 0.972822, train avg acc: 0.960013
Test 195, loss: 1.439093, test acc: 0.912075, test avg acc: 0.882587
Train 196, loss: 1.385305, train acc: 0.972414, train avg acc: 0.959389
Test 196, loss: 1.435141, test acc: 0.916532, test avg acc: 0.886541
Train 197, loss: 1.384553, train acc: 0.972618, train avg acc: 0.957402
Test 197, loss: 1.433944, test acc: 0.916937, test avg acc: 0.889831
Train 198, loss: 1.386839, train acc: 0.973127, train avg acc: 0.959632
Test 198, loss: 1.437423, test acc: 0.917747, test avg acc: 0.892250
Train 199, loss: 1.384340, train acc: 0.975265, train avg acc: 0.962149
Test 199, loss: 1.432911, test acc: 0.921394, test avg acc: 0.892703
Train 200, loss: 1.387581, train acc: 0.973534, train avg acc: 0.959628
Test 200, loss: 1.437026, test acc: 0.918558, test avg acc: 0.889953
Train 201, loss: 1.381004, train acc: 0.975672, train avg acc: 0.961991
Test 201, loss: 1.437140, test acc: 0.917342, test avg acc: 0.891041
Train 202, loss: 1.382186, train acc: 0.974349, train avg acc: 0.961308
Test 202, loss: 1.433592, test acc: 0.917747, test avg acc: 0.891535
Train 203, loss: 1.381157, train acc: 0.973534, train avg acc: 0.959199
Test 203, loss: 1.433946, test acc: 0.916532, test avg acc: 0.891663
Train 204, loss: 1.384579, train acc: 0.974450, train avg acc: 0.960857
Test 204, loss: 1.433318, test acc: 0.919773, test avg acc: 0.893581
Train 205, loss: 1.384215, train acc: 0.975366, train avg acc: 0.965111
Test 205, loss: 1.433924, test acc: 0.914506, test avg acc: 0.887209
Train 206, loss: 1.380666, train acc: 0.974654, train avg acc: 0.961978
Test 206, loss: 1.435729, test acc: 0.916126, test avg acc: 0.891453
Train 207, loss: 1.381794, train acc: 0.973025, train avg acc: 0.958798
Test 207, loss: 1.437769, test acc: 0.913695, test avg acc: 0.886669
Train 208, loss: 1.378999, train acc: 0.976588, train avg acc: 0.965625
Test 208, loss: 1.433904, test acc: 0.915721, test avg acc: 0.889081
Train 209, loss: 1.382467, train acc: 0.975875, train avg acc: 0.962246
Test 209, loss: 1.436983, test acc: 0.918152, test avg acc: 0.893744
Train 210, loss: 1.381488, train acc: 0.974959, train avg acc: 0.962354
Test 210, loss: 1.434325, test acc: 0.914911, test avg acc: 0.885663
Train 211, loss: 1.383075, train acc: 0.974247, train avg acc: 0.961793
Test 211, loss: 1.430862, test acc: 0.916126, test avg acc: 0.886291
Train 212, loss: 1.378331, train acc: 0.977300, train avg acc: 0.967351
Test 212, loss: 1.429500, test acc: 0.916937, test avg acc: 0.885872
Train 213, loss: 1.379715, train acc: 0.975672, train avg acc: 0.965330
Test 213, loss: 1.433344, test acc: 0.915721, test avg acc: 0.886081
Train 214, loss: 1.380407, train acc: 0.976588, train avg acc: 0.965351
Test 214, loss: 1.434615, test acc: 0.913290, test avg acc: 0.881541
Train 215, loss: 1.382374, train acc: 0.974145, train avg acc: 0.962572
Test 215, loss: 1.433503, test acc: 0.914911, test avg acc: 0.885459
Train 216, loss: 1.381243, train acc: 0.973941, train avg acc: 0.962620
Test 216, loss: 1.431597, test acc: 0.915316, test avg acc: 0.884872
Train 217, loss: 1.380123, train acc: 0.974552, train avg acc: 0.962550
Test 217, loss: 1.432732, test acc: 0.916532, test avg acc: 0.884541
Train 218, loss: 1.380299, train acc: 0.975366, train avg acc: 0.964094
Test 218, loss: 1.432401, test acc: 0.918152, test avg acc: 0.891541
Train 219, loss: 1.376876, train acc: 0.977809, train avg acc: 0.968234
Test 219, loss: 1.433620, test acc: 0.916532, test avg acc: 0.891500
Train 220, loss: 1.377029, train acc: 0.977911, train avg acc: 0.966229
Test 220, loss: 1.435962, test acc: 0.918152, test avg acc: 0.891663
Train 221, loss: 1.378410, train acc: 0.976079, train avg acc: 0.962941
Test 221, loss: 1.434073, test acc: 0.916126, test avg acc: 0.889372
Train 222, loss: 1.376032, train acc: 0.976283, train avg acc: 0.964931
Test 222, loss: 1.431916, test acc: 0.919368, test avg acc: 0.890535
Train 223, loss: 1.377627, train acc: 0.976079, train avg acc: 0.964017
Test 223, loss: 1.436204, test acc: 0.917342, test avg acc: 0.893203
Train 224, loss: 1.375715, train acc: 0.975875, train avg acc: 0.961670
Test 224, loss: 1.433647, test acc: 0.914506, test avg acc: 0.886291
Train 225, loss: 1.380212, train acc: 0.974450, train avg acc: 0.963707
Test 225, loss: 1.433027, test acc: 0.918963, test avg acc: 0.896081
Train 226, loss: 1.378743, train acc: 0.976995, train avg acc: 0.966029
Test 226, loss: 1.432574, test acc: 0.917747, test avg acc: 0.892331
Train 227, loss: 1.377830, train acc: 0.975875, train avg acc: 0.963411
Test 227, loss: 1.431835, test acc: 0.916937, test avg acc: 0.890791
Train 228, loss: 1.375958, train acc: 0.977708, train avg acc: 0.966561
Test 228, loss: 1.431521, test acc: 0.915316, test avg acc: 0.890709
Train 229, loss: 1.376845, train acc: 0.978318, train avg acc: 0.966861
Test 229, loss: 1.432026, test acc: 0.915721, test avg acc: 0.889122
Train 230, loss: 1.373643, train acc: 0.979438, train avg acc: 0.967920
Test 230, loss: 1.432500, test acc: 0.914911, test avg acc: 0.887541
Train 231, loss: 1.376215, train acc: 0.977606, train avg acc: 0.965906
Test 231, loss: 1.434502, test acc: 0.917342, test avg acc: 0.891081
Train 232, loss: 1.373921, train acc: 0.977911, train avg acc: 0.967647
Test 232, loss: 1.433626, test acc: 0.914911, test avg acc: 0.890500
Train 233, loss: 1.375335, train acc: 0.979235, train avg acc: 0.969431
Test 233, loss: 1.432864, test acc: 0.916126, test avg acc: 0.890291
Train 234, loss: 1.374978, train acc: 0.977300, train avg acc: 0.965022
Test 234, loss: 1.432989, test acc: 0.914100, test avg acc: 0.887041
Train 235, loss: 1.376815, train acc: 0.977300, train avg acc: 0.966429
Test 235, loss: 1.435456, test acc: 0.914911, test avg acc: 0.888500
Train 236, loss: 1.373557, train acc: 0.979336, train avg acc: 0.966487
Test 236, loss: 1.434329, test acc: 0.914100, test avg acc: 0.888000
Train 237, loss: 1.375263, train acc: 0.975163, train avg acc: 0.962193
Test 237, loss: 1.434799, test acc: 0.914100, test avg acc: 0.887000
Train 238, loss: 1.373244, train acc: 0.979540, train avg acc: 0.969467
Test 238, loss: 1.436634, test acc: 0.914100, test avg acc: 0.886959
Train 239, loss: 1.372746, train acc: 0.978115, train avg acc: 0.967303
Test 239, loss: 1.432451, test acc: 0.915316, test avg acc: 0.886750
Train 240, loss: 1.370445, train acc: 0.980863, train avg acc: 0.971106
Test 240, loss: 1.433949, test acc: 0.912075, test avg acc: 0.884628
Train 241, loss: 1.377044, train acc: 0.976283, train avg acc: 0.964240
Test 241, loss: 1.433574, test acc: 0.916937, test avg acc: 0.888750
Train 242, loss: 1.373711, train acc: 0.976181, train avg acc: 0.965648
Test 242, loss: 1.433011, test acc: 0.916126, test avg acc: 0.887291
Train 243, loss: 1.377510, train acc: 0.976181, train avg acc: 0.964561
Test 243, loss: 1.434088, test acc: 0.917342, test avg acc: 0.891041
Train 244, loss: 1.373122, train acc: 0.977809, train avg acc: 0.966500
Test 244, loss: 1.431763, test acc: 0.913290, test avg acc: 0.883541
Train 245, loss: 1.374381, train acc: 0.978827, train avg acc: 0.967838
Test 245, loss: 1.437865, test acc: 0.916532, test avg acc: 0.886622
Train 246, loss: 1.376041, train acc: 0.976893, train avg acc: 0.964544
Test 246, loss: 1.438652, test acc: 0.912075, test avg acc: 0.885750
Train 247, loss: 1.375499, train acc: 0.976588, train avg acc: 0.966426
Test 247, loss: 1.435368, test acc: 0.915721, test avg acc: 0.888041
Train 248, loss: 1.373026, train acc: 0.978318, train avg acc: 0.968188
Test 248, loss: 1.436053, test acc: 0.915721, test avg acc: 0.888081
Train 249, loss: 1.374428, train acc: 0.976079, train avg acc: 0.963944
Test 249, loss: 1.432503, test acc: 0.915721, test avg acc: 0.886081
